0.3116070325756681 0.05157427099713248
0.6232140651513361 0.12609040275593303
0.9348210977270043 0.23697934705090387
1.2464281303026723 0.405452133996156
1.5580351628783404 0.6122856017907135
1.8696421954540086 0.8633160696902202
2.1812492280296767 1.160084241658957
2.4928562606053446 1.4622766111155756
2.804463293181013 1.8122053331583432
3.116070325756681 2.188350576778178
3.4276773583323488 2.549112883940631
3.739284390908017 2.94517768842835
4.0508914234836855 3.3422270625296746
4.362498456059353 3.7406642035100868
4.674105488635021 4.095832658486459
4.985712521210689 4.48174518125182
5.297319553786358 4.815799308984741
5.608926586362026 5.129425384671915
5.920533618937694 5.434059573971603
6.232140651513362 5.707712862288384
6.5437476840890305 5.940222987222633
6.8553547166646975 6.146575410750421
7.166961749240366 6.294245406109566
7.478568781816034 6.400743402187265
7.790175814391703 6.462842715393741
8.101782846967371 6.492844024052181
8.413389879543038 6.4626213717213385
8.724996912118707 6.41807731637967
9.036603944694376 6.3251590425428255
9.348210977270043 6.206761028833058
9.659818009845711 6.032932904762292
9.971425042421378 5.857146863716106
10.283032074997047 5.661400822434796
10.594639107572716 5.358502030943521
10.906246140148383 5.097750820445148
11.217853172724052 4.803172749665345
11.52946020529972 4.486014795228937
11.841067237875388 4.170959358609639
12.152674270451056 3.801874261626998
12.464281303026723 3.491139558664919
12.77588833560239 3.138064856793893
13.087495368178061 2.7823282292897202
13.399102400753728 2.4280498363889227
13.710709433329395 2.0817421140553476
14.022316465905066 1.6841750530769457
14.333923498480733 1.3387752365582437
14.645530531056401 0.9558915304114298
14.957137563632068 0.603785639388476
15.268744596207735 0.17759871262080504
15.580351628783406 -0.21596787271367737
15.891958661359073 -0.6267158473091999
16.203565693934742 -1.0948897154985457
16.51517272651041 -1.4710824270899225
16.826779759086076 -1.8753716123674122
17.13838679166175 -2.2041316614224944
17.449993824237414 -2.250166575907164
17.761600856813082 -2.3043484456426273
18.07320788938875 -2.1617854658567275
18.384814921964416 -1.9166028345875505
18.696421954540085 -1.5034272938038407
19.008028987115754 -1.0797001434483464
19.319636019691423 -0.49341615120739346
19.63124305226709 0.11764762667233963
19.942850084842757 0.5425344961855295
20.254457117418426 1.035662590848117
20.566064149994094 1.6504979338534955
20.877671182569763 2.0821854226890233
21.189278215145432 2.5904847163336635
21.5008852477211 2.9150765451434
21.812492280296766 3.310545417316492
22.124099312872435 3.6949560813729785
22.435706345448104 4.029439594149293
22.74731337802377 4.479189083651169
23.05892041059944 4.744204418040603
23.370527443175106 5.069523354927711
23.682134475750775 5.39669567602233
23.993741508326444 5.755988668206727
24.305348540902113 6.0514347094579835
24.61695557347778 6.531570462636
24.928562606053447 7.003382422544222
25.240169638629116 7.427725047635887
25.55177667120478 7.782841974784194
25.863383703780453 8.251943749946484
26.174990736356122 8.632050195899552
26.486597768931787 9.121364838679426
