3.116070325756680748e-01 5.157427099713247920e-02
3.285311270116455518e-01 5.562141345237678336e-02
3.463744079310292490e-01 5.988836552020347648e-02
3.651867984652737986e-01 6.438706556609340159e-02
3.850209331858943651e-01 6.913010035560722411e-02
4.059323053690107042e-01 7.413074027048470460e-02
4.279794222581679297e-01 7.940297643741131561e-02
4.512239687598373350e-01 8.496155987333348092e-02
4.757309800295962954e-01 9.082204275684579997e-02
5.015690234318610496e-01 9.700082194112250034e-02
5.288103903822699570e-01 1.035151848301358313e-01
5.575312986094692613e-01 1.103833577465179461e-01
5.878121054021995251e-01 1.176245569263918572e-01
6.197375324383235240e-01 1.252590422838495976e-01
6.533969028248339805e-01 1.368313124773075096e-01
6.888843910120509006e-01 1.494599430580539345e-01
7.262992862812315265e-01 1.627744636034105519e-01
7.657462705428005334e-01 1.768121263744634186e-01
8.073357112224390786e-01 1.916122068882545881e-01
8.511839700544913123e-01 2.072161138054650908e-01
8.974137286466512542e-01 2.236675047863510013e-01
9.461543317268159559e-01 2.431067489303441742e-01
9.975421490324648532e-01 2.708899755313478597e-01
1.051720956855082711e+00 3.001821730526961218e-01
1.108842340307138574e+00 3.310652971747403694e-01
1.169066117437108865e+00 3.636257547792780542e-01
1.232560786379160556e+00 3.979546457045366470e-01
1.299503996788566429e+00 4.406819727797612329e-01
1.370083046881857669e+00 4.875297912124094690e-01
1.444495407472370596e+00 5.369220223841415507e-01
1.522949274467371161e+00 5.889968592013387072e-01
1.605664151372565351e+00 6.506554908412185423e-01
1.692871463433772039e+00 7.209096573471269753e-01
1.784815205134041127e+00 7.949794891756021276e-01
1.881752622857827628e+00 8.748497933442868080e-01
1.983954934632228495e+00 9.721851871753058871e-01
2.091708088959019385e+00 1.074807090054412662e+00
2.205313564860607478e+00 1.183421516515150262e+00
2.325089215378315366e+00 1.299578354613355469e+00
2.451370156882997087e+00 1.422043937675078418e+00
2.584509706686162644e+00 1.565201673469834853e+00
2.724880371574913251e+00 1.722835238318491502e+00
2.872874890036484885e+00 1.894785936532160431e+00
3.028907331088402710e+00 2.083134896653332291e+00
3.193414252788626673e+00 2.277895325914330638e+00
3.366855923667050110e+00 2.478697011380195825e+00
3.549717610495747078e+00 2.704230848426848688e+00
3.742510936000985833e+00 2.949288949008971983e+00
3.945775310315704054e+00 3.208288214627786683e+00
4.160079440177458565e+00 3.481840603473183915e+00
4.386022920094378996e+00 3.767477293947762984e+00
4.624237909931021129e+00 4.038993790841803211e+00
4.875390903607745408e+00 4.345116384999061943e+00
5.140184593862238138e+00 4.647344888877734448e+00
5.419359838290511711e+00 4.938630347772319240e+00
5.713697732168117049e+00 5.231852062275501147e+00
6.024021793851037643e+00 5.524942886626178051e+00
6.351200268870738519e+00 5.796550929509043826e+00
6.696148559169906811e+00 6.041145901769042759e+00
7.059831784275578670e+00 6.243476714214481582e+00
7.443267481575451150e+00 6.388678469943971372e+00
7.847528453252441416e+00 6.468364587626901141e+00
8.273745767842777710e+00 6.476165403135140330e+00
8.723111924815622586e+00 6.418346774286486145e+00
9.196884191028297906e+00 6.264259060132317813e+00
9.696388118392050615e+00 6.012302707334288954e+00
1.022302125259035499e+01 5.699098562511612620e+00
1.077825704322621014e+01 5.204851458313281221e+00
1.136364896633855004e+01 4.654779771220680651e+00
1.198083487082198140e+01 4.005410622643287510e+00
1.263154156091058589e+01 3.301620839529864515e+00
1.331758962754692988e+01 2.520724940843053208e+00
1.404089854215387767e+01 1.663577810216845476e+00
1.480349202706082323e+01 7.774001374597967473e-01
1.560750371761013433e+01 -2.517586743506980973e-01
1.645518313178562053e+01 -1.398659002880758173e+00
1.734890196406524510e+01 -2.235231883645390383e+00
1.829116072110743119e+01 -1.990293030876531422e+00
1.928459571783683302e+01 -5.593439574280321125e-01
2.033198645350342915e+01 1.188636596443536586e+00
2.143626338835261791e+01 2.847761865689213412e+00
2.260051614266382458e+01 4.267313308198668942e+00
2.382800214109807868e+01 5.564885814455287516e+00
2.512215572653966689e+01 7.267015153384020820e+00
2.648659776893179085e+01 9.121364838679426157e+00
