 3.125000000000000E-01   1.089101358181770E+00   3.433509583890688E+00   8.370984184116820E+00   0.000000000000000E+00  -8.127436036545417E-01   0.000000000000000E+00
 3.125000000000000E-01   1.089101321232085E+00   3.433509583890688E+00   8.370984264936604E+00   1.268136399190499E-04  -8.127421003021740E-01   1.035853547073712E-03
 3.125000000000000E-01   1.089101210379637E+00   3.433509583890688E+00   8.370984507396658E+00   2.536271235180989E-04  -8.127375902141097E-01   2.071708373962794E-03
 3.125000000000000E-01   1.089101025614157E+00   3.433509583890688E+00   8.370984911499008E+00   3.804402944643161E-04  -8.127300732974672E-01   3.107565760603814E-03
 3.125000000000000E-01   1.089100766918565E+00   3.433509583890688E+00   8.370985477247062E+00   5.072529963990736E-04  -8.127195493974542E-01   4.143426987174994E-03
 3.125000000000000E-01   1.089100434268905E+00   3.433509583890688E+00   8.370986204645586E+00   6.340650729252602E-04  -8.127060182973805E-01   5.179293334219248E-03
 3.125000000000000E-01   1.089100027634394E+00   3.433509583890688E+00   8.370987093700704E+00   7.608763675942802E-04  -8.126894797186772E-01   6.215166082763693E-03
 3.125000000000000E-01   1.089099546977406E+00   3.433509583890688E+00   8.370988144419913E+00   8.876867238932541E-04  -8.126699333209239E-01   7.251046514443047E-03
 3.125000000000000E-01   1.089098992253437E+00   3.433509583890688E+00   8.370989356812043E+00   1.014495985231621E-03  -8.126473787018752E-01   8.286935911610395E-03
 3.125000000000000E-01   1.089098363411149E+00   3.433509583890688E+00   8.370990730887323E+00   1.141303994929482E-03  -8.126218153975022E-01   9.322835557480117E-03
 3.125000000000000E-01   1.089097660392283E+00   3.433509583890688E+00   8.370992266657325E+00   1.268110596203021E-03  -8.125932428820302E-01   1.035874673622550E-02
 3.125000000000000E-01   1.089096883131730E+00   3.433509583890688E+00   8.370993964134994E+00   1.394915632152887E-03  -8.125616605679873E-01   1.139467073311525E-02
 3.125000000000000E-01   1.089096031557498E+00   3.433509583890688E+00   8.370995823334633E+00   1.521718945750510E-03  -8.125270678062567E-01   1.243060883462557E-02
 3.125000000000000E-01   1.089095105590657E+00   3.433509583890688E+00   8.370997844271923E+00   1.648520379825540E-03  -8.124894638861376E-01   1.346656232857285E-02
 3.125000000000000E-01   1.089094105145368E+00   3.433509583890688E+00   8.371000026963882E+00   1.775319777051759E-03  -8.124488480354043E-01   1.450253250420989E-02
 3.125000000000000E-01   1.089093030128873E+00   3.433509583890688E+00   8.371002371428935E+00   1.902116979935728E-03  -8.124052194203802E-01   1.553852065238186E-02
 3.125000000000000E-01   1.089091880441442E+00   3.433509583890688E+00   8.371004877686850E+00   2.028911830801967E-03  -8.123585771460108E-01   1.657452806561720E-02
 3.125000000000000E-01   1.089090655976401E+00   3.433509583890688E+00   8.371007545758770E+00   2.155704171781399E-03  -8.123089202559440E-01   1.761055603826836E-02
 3.125000000000000E-01   1.089089356620091E+00   3.433509583890688E+00   8.371010375667218E+00   2.282493844796687E-03  -8.122562477326161E-01   1.864660586661831E-02
 3.125000000000000E-01   1.089087982251817E+00   3.433509583890688E+00   8.371013367436078E+00   2.409280691549871E-03  -8.122005584973444E-01   1.968267884901283E-02
 3.125000000000000E-01   1.089086532743921E+00   3.433509583890688E+00   8.371016521090606E+00   2.536064553508456E-03  -8.121418514104221E-01   2.071877628596517E-02
 3.125000000000000E-01   1.089085007961649E+00   3.433509583890688E+00   8.371019836657453E+00   2.662845271893635E-03  -8.120801252712230E-01   2.175489948030756E-02
 3.125000000000000E-01   1.089083407763211E+00   3.433509583890688E+00   8.371023314164621E+00   2.789622687664361E-03  -8.120153788183075E-01   2.279104973726866E-02
 3.125000000000000E-01   1.089081731999712E+00   3.433509583890688E+00   8.371026953641508E+00   2.916396641506439E-03  -8.119476107295365E-01   2.382722836463797E-02
 3.125000000000000E-01   1.089079980515151E+00   3.433509583890688E+00   8.371030755118886E+00   3.043166973817010E-03  -8.118768196221905E-01   2.486343667285096E-02
 3.125000000000000E-01   1.089078153146416E+00   3.433509583890688E+00   8.371034718628906E+00   3.169933524692461E-03  -8.118030040530935E-01   2.589967597512777E-02
 3.125000000000000E-01   1.089076249723165E+00   3.433509583890688E+00   8.371038844205101E+00   3.296696133914140E-03  -8.117261625187423E-01   2.693594758759630E-02
 3.125000000000000E-01   1.089074270067919E+00   3.433509583890688E+00   8.371043131882399E+00   3.423454640934587E-03  -8.116462934554417E-01   2.797225282940170E-02
 3.125000000000000E-01   1.089072213995943E+00   3.433509583890688E+00   8.371047581697109E+00   3.550208884863972E-03  -8.115633952394455E-01   2.900859302283115E-02
 3.125000000000000E-01   1.089070081315280E+00   3.433509583890688E+00   8.371052193686930E+00   3.676958704456113E-03  -8.114774661871007E-01   3.004496949343500E-02
 3.125000000000000E-01   1.089067871826674E+00   3.433509583890688E+00   8.371056967890953E+00   3.803703938095738E-03  -8.113885045549990E-01   3.108138357015548E-02
 3.125000000000000E-01   1.089065585323534E+00   3.433509583890688E+00   8.371061904349647E+00   3.930444423781422E-03  -8.112965085401345E-01   3.211783658541144E-02
 3.125000000000000E-01   1.089063221591947E+00   3.433509583890688E+00   8.371067003104899E+00   4.057179999115436E-03  -8.112014762800637E-01   3.315432987527132E-02
 3.125000000000000E-01   1.089060780410599E+00   3.433509583890688E+00   8.371072264199995E+00   4.183910501286898E-03  -8.111034058530729E-01   3.419086477954102E-02
 3.125000000000000E-01   1.089058261550760E+00   3.433509583890688E+00   8.371077687679596E+00   4.310635767058318E-03  -8.110022952783519E-01   3.522744264187776E-02
 3.125000000000000E-01   1.089055664776253E+00   3.433509583890688E+00   8.371083273589788E+00   4.437355632752102E-03  -8.108981425161674E-01   3.626406480993265E-02
 3.125000000000000E-01   1.089052989843376E+00   3.433509583890688E+00   8.371089021978051E+00   4.564069934234044E-03  -8.107909454680519E-01   3.730073263544931E-02
 3.125000000000000E-01   1.089050236500922E+00   3.433509583890688E+00   8.371094932893287E+00   4.690778506902215E-03  -8.106807019769842E-01   3.833744747441589E-02
 3.125000000000000E-01   1.089047404490127E+00   3.433509583890688E+00   8.371101006385768E+00   4.817481185667855E-03  -8.105674098275907E-01   3.937421068710845E-02
 3.125000000000000E-01   1.089044493544509E+00   3.433509583890688E+00   8.371107242507243E+00   4.944177804944654E-03  -8.104510667463366E-01   4.041102363833594E-02
 3.125000000000000E-01   1.089041503390058E+00   3.433509583890688E+00   8.371113641310819E+00   5.070868198632678E-03  -8.103316704017322E-01   4.144788769743354E-02
 3.125000000000000E-01   1.089038433744968E+00   3.433509583890688E+00   8.371120202851046E+00   5.197552200101697E-03  -8.102092184045432E-01   4.248480423845256E-02
 3.125000000000000E-01   1.089035284319741E+00   3.433509583890688E+00   8.371126927183893E+00   5.324229642179355E-03  -8.100837083079997E-01   4.352177464026440E-02
 3.125000000000000E-01   1.089032054817051E+00   3.433509583890688E+00   8.371133814366752E+00   5.450900357133970E-03  -8.099551376080196E-01   4.455880028668274E-02
 3.125000000000000E-01   1.089028744931736E+00   3.433509583890688E+00   8.371140864458429E+00   5.577564176657916E-03  -8.098235037434313E-01   4.559588256655078E-02
 3.125000000000000E-01   1.089025354350764E+00   3.433509583890688E+00   8.371148077519193E+00   5.704220931858578E-03  -8.096888040961955E-01   4.663302287395080E-02
 3.125000000000000E-01   1.089021882753119E+00   3.433509583890688E+00   8.371155453610703E+00   5.830870453232202E-03  -8.095510359916539E-01   4.767022260817239E-02
 3.125000000000000E-01   1.089018329809853E+00   3.433509583890688E+00   8.371162992796073E+00   5.957512570658484E-03  -8.094101966987531E-01   4.870748317396718E-02
 3.125000000000000E-01   1.089014695183934E+00   3.433509583890688E+00   8.371170695139874E+00   6.084147113381380E-03  -8.092662834302927E-01   4.974480598164135E-02
 3.125000000000000E-01   1.089010978530263E+00   3.433509583890688E+00   8.371178560708088E+00   6.210773909990517E-03  -8.091192933431788E-01   5.078219244710663E-02
 3.125000000000000E-01   1.089007179495560E+00   3.433509583890688E+00   8.371186589568158E+00   6.337392788407227E-03  -8.089692235386737E-01   5.181964399204833E-02
 3.125000000000000E-01   1.089003297718387E+00   3.433509583890688E+00   8.371194781788965E+00   6.464003575871865E-03  -8.088160710626506E-01   5.285716204407014E-02
 3.125000000000000E-01   1.088999332828996E+00   3.433509583890688E+00   8.371203137440858E+00   6.590606098920038E-03  -8.086598329058645E-01   5.389474803673991E-02
 3.125000000000000E-01   1.088995284449366E+00   3.433509583890688E+00   8.371211656595628E+00   6.717200183373995E-03  -8.085005060042114E-01   5.493240340978978E-02
 3.125000000000000E-01   1.088991152193096E+00   3.433509583890688E+00   8.371220339326511E+00   6.843785654320712E-03  -8.083380872390099E-01   5.597012960914067E-02
 3.125000000000000E-01   1.088986935665325E+00   3.433509583890688E+00   8.371229185708239E+00   6.970362336099366E-03  -8.081725734372677E-01   5.700792808714125E-02
 3.125000000000000E-01   1.088982634462699E+00   3.433509583890688E+00   8.371238195816991E+00   7.096930052279064E-03  -8.080039613719758E-01   5.804580030256220E-02
 3.125000000000000E-01   1.088978248173350E+00   3.433509583890688E+00   8.371247369730391E+00   7.223488625647537E-03  -8.078322477623874E-01   5.908374772076754E-02
 3.125000000000000E-01   1.088973776376744E+00   3.433509583890688E+00   8.371256707527570E+00   7.350037878191751E-03  -8.076574292743075E-01   6.012177181387925E-02
 3.125000000000000E-01   1.088969218643685E+00   3.433509583890688E+00   8.371266209289114E+00   7.476577631079130E-03  -8.074795025203969E-01   6.115987406080193E-02
 3.125000000000000E-01   1.088964574536198E+00   3.433509583890688E+00   8.371275875097108E+00   7.603107704642396E-03  -8.072984640604636E-01   6.219805594741969E-02
 3.125000000000000E-01   1.088959843607574E+00   3.433509583890688E+00   8.371285705035078E+00   7.729627918361306E-03  -8.071143104017761E-01   6.323631896663769E-02
 3.125000000000000E-01   1.088955025402129E+00   3.433509583890688E+00   8.371295699188074E+00   7.856138090843933E-03  -8.069270379993655E-01   6.427466461858120E-02
 3.125000000000000E-01   1.088950119455292E+00   3.433509583890688E+00   8.371305857642630E+00   7.982638039813413E-03  -8.067366432563376E-01   6.531309441069684E-02
 3.125000000000000E-01   1.088945125293423E+00   3.433509583890688E+00   8.371316180486756E+00   8.109127582079561E-03  -8.065431225242073E-01   6.635160985777169E-02
 3.125000000000000E-01   1.088940042433853E+00   3.433509583890688E+00   8.371326667809967E+00   8.235606533533142E-03  -8.063464721031985E-01   6.739021248218448E-02
 3.125000000000000E-01   1.088934870384688E+00   3.433509583890688E+00   8.371337319703287E+00   8.362074709117614E-03  -8.061466882425886E-01   6.842890381394034E-02
 3.125000000000000E-01   1.088929608644853E+00   3.433509583890688E+00   8.371348136259217E+00   8.488531922816086E-03  -8.059437671410321E-01   6.946768539079652E-02
 3.125000000000000E-01   1.088924256703932E+00   3.433509583890688E+00   8.371359117571792E+00   8.614977987631682E-03  -8.057377049468928E-01   7.050655875843218E-02
 3.125000000000000E-01   1.088918814042136E+00   3.433509583890688E+00   8.371370263736557E+00   8.741412715566433E-03  -8.055284977585893E-01   7.154552547049924E-02
 3.125000000000000E-01   1.088913280130211E+00   3.433509583890688E+00   8.371381574850545E+00   8.867835917604138E-03  -8.053161416249400E-01   7.258458708875179E-02
 3.125000000000000E-01   1.088907654429363E+00   3.433509583890688E+00   8.371393051012346E+00   8.994247403690279E-03  -8.051006325455011E-01   7.362374518320979E-02
 3.125000000000000E-01   1.088901936391222E+00   3.433509583890688E+00   8.371404692322031E+00   9.120646982712826E-03  -8.048819664709319E-01   7.466300133220233E-02
 3.125000000000000E-01   1.088896125457694E+00   3.433509583890688E+00   8.371416498881217E+00   9.247034462482885E-03  -8.046601393033381E-01   7.570235712253816E-02
 3.125000000000000E-01   1.088890221060886E+00   3.433509583890688E+00   8.371428470793052E+00   9.373409649712386E-03  -8.044351468966418E-01   7.674181414960383E-02
 3.125000000000000E-01   1.088884222623095E+00   3.433509583890688E+00   8.371440608162210E+00   9.499772349999363E-03  -8.042069850569342E-01   7.778137401749861E-02
 3.125000000000000E-01   1.088878129556662E+00   3.433509583890688E+00   8.371452911094904E+00   9.626122367800831E-03  -8.039756495428558E-01   7.882103833909060E-02
 3.125000000000000E-01   1.088871941263899E+00   3.433509583890688E+00   8.371465379698883E+00   9.752459506419417E-03  -8.037411360659560E-01   7.986080873622382E-02
 3.125000000000000E-01   1.088865657137030E+00   3.433509583890688E+00   8.371478014083449E+00   9.878783567975976E-03  -8.035034402910748E-01   8.090068683975740E-02
 3.125000000000000E-01   1.088859276558042E+00   3.433509583890688E+00   8.371490814359440E+00   1.000509435339285E-02  -8.032625578367231E-01   8.194067428971125E-02
 3.125000000000000E-01   1.088852798898747E+00   3.433509583890688E+00   8.371503780639229E+00   1.013139166237107E-02  -8.030184842754672E-01   8.298077273533150E-02
 3.125000000000000E-01   1.088846223520456E+00   3.433509583890688E+00   8.371516913036784E+00   1.025767529337242E-02  -8.027712151342943E-01   8.402098383536079E-02
 3.125000000000000E-01   1.088839549774122E+00   3.433509583890688E+00   8.371530211667604E+00   1.038394504359194E-02  -8.025207458950326E-01   8.506130925796415E-02
 3.125000000000000E-01   1.088832777000103E+00   3.433509583890688E+00   8.371543676648743E+00   1.051020070894086E-02  -8.022670719947271E-01   8.610175068093257E-02
 3.125000000000000E-01   1.088825904528163E+00   3.433509583890688E+00   8.371557308098822E+00   1.063644208402345E-02  -8.020101888260402E-01   8.714230979179703E-02
 3.125000000000000E-01   1.088818931677296E+00   3.433509583890688E+00   8.371571106138052E+00   1.076266896211445E-02  -8.017500917376450E-01   8.818298828796337E-02
 3.125000000000000E-01   1.088811857755677E+00   3.433509583890688E+00   8.371585070888182E+00   1.088888113513545E-02  -8.014867760346451E-01   8.922378787675650E-02
 3.125000000000000E-01   1.088804682060620E+00   3.433509583890688E+00   8.371599202472547E+00   1.101507839363535E-02  -8.012202369789665E-01   9.026471027559836E-02
 3.125000000000000E-01   1.088797403878350E+00   3.433509583890688E+00   8.371613501016080E+00   1.114126052676713E-02  -8.009504697897636E-01   9.130575721214954E-02
 3.125000000000000E-01   1.088790022484031E+00   3.433509583890688E+00   8.371627966645251E+00   1.126742732225737E-02  -8.006774696438655E-01   9.234693042426592E-02
 3.125000000000000E-01   1.088782537141620E+00   3.433509583890688E+00   8.371642599488155E+00   1.139357856639803E-02  -8.004012316761393E-01   9.338823166035876E-02
 3.125000000000000E-01   1.088774947103768E+00   3.433509583890688E+00   8.371657399674444E+00   1.151971404400600E-02  -8.001217509799603E-01   9.442966267927977E-02
 3.125000000000000E-01   1.088767251611711E+00   3.433509583890688E+00   8.371672367335378E+00   1.164583353841125E-02  -7.998390226076018E-01   9.547122525057812E-02
 3.125000000000000E-01   1.088759449895194E+00   3.433509583890688E+00   8.371687502603805E+00   1.177193683142900E-02  -7.995530415706722E-01   9.651292115457279E-02
 3.125000000000000E-01   1.088751541172357E+00   3.433509583890688E+00   8.371702805614158E+00   1.189802370333295E-02  -7.992638028405465E-01   9.755475218243359E-02
 3.125000000000000E-01   1.088743524649592E+00   3.433509583890688E+00   8.371718276502484E+00   1.202409393283176E-02  -7.989713013487943E-01   9.859672013634373E-02
 3.125000000000000E-01   1.088735399521600E+00   3.433509583890688E+00   8.371733915406413E+00   1.215014729705163E-02  -7.986755319876073E-01   9.963882682959349E-02
 3.125000000000000E-01   1.088727164971032E+00   3.433509583890688E+00   8.371749722465184E+00   1.227618357149824E-02  -7.983764896102504E-01   1.006810740866926E-01
 3.125000000000000E-01   1.088718820168597E+00   3.433509583890688E+00   8.371765697819646E+00   1.240220253004203E-02  -7.980741690314866E-01   1.017234637434844E-01
 3.125000000000000E-01   1.088710364272844E+00   3.433509583890688E+00   8.371781841612258E+00   1.252820394488817E-02  -7.977685650280237E-01   1.027659976472951E-01
 3.125000000000000E-01   1.088701796430098E+00   3.433509583890688E+00   8.371798153987086E+00   1.265418758655191E-02  -7.974596723389588E-01   1.038086776569954E-01
 3.125000000000000E-01   1.088693115774329E+00   3.433509583890688E+00   8.371814635089819E+00   1.278015322383286E-02  -7.971474856662257E-01   1.048515056431729E-01
 3.125000000000000E-01   1.088684321427115E+00   3.433509583890688E+00   8.371831285067715E+00   1.290610062378402E-02  -7.968319996750700E-01   1.058944834880748E-01
 3.125000000000000E-01   1.088675412497384E+00   3.433509583890688E+00   8.371848104069727E+00   1.303202955169559E-02  -7.965132089944243E-01   1.069376130860801E-01
 3.125000000000000E-01   1.088666388081445E+00   3.433509583890688E+00   8.371865092246360E+00   1.315793977105577E-02  -7.961911082174631E-01   1.079808963433973E-01
 3.125000000000000E-01   1.088657247262800E+00   3.433509583890688E+00   8.371882249749767E+00   1.328383104353309E-02  -7.958656919019825E-01   1.090243351784743E-01
 3.125000000000000E-01   1.088647989112092E+00   3.433509583890688E+00   8.371899576733721E+00   1.340970312894541E-02  -7.955369545708902E-01   1.100679315219816E-01
 3.125000000000000E-01   1.088638612686897E+00   3.433509583890688E+00   8.371917073353623E+00   1.353555578523066E-02  -7.952048907126619E-01   1.111116873169655E-01
 3.125000000000000E-01   1.088629117031675E+00   3.433509583890688E+00   8.371934739766488E+00   1.366138876842160E-02  -7.948694947818045E-01   1.121556045189449E-01
 3.125000000000000E-01   1.088619501177676E+00   3.433509583890688E+00   8.371952576130965E+00   1.378720183261537E-02  -7.945307611993219E-01   1.131996850960102E-01
 3.125000000000000E-01   1.088609764142764E+00   3.433509583890688E+00   8.371970582607336E+00   1.391299472995114E-02  -7.941886843531580E-01   1.142439310290391E-01
 3.125000000000000E-01   1.088599904931297E+00   3.433509583890688E+00   8.371988759357508E+00   1.403876721057012E-02  -7.938432585987004E-01   1.152883443116722E-01
 3.125000000000000E-01   1.088589922534072E+00   3.433509583890688E+00   8.372007106545013E+00   1.416451902259448E-02  -7.934944782592387E-01   1.163329269504713E-01
 3.125000000000000E-01   1.088579815928164E+00   3.433509583890688E+00   8.372025624335009E+00   1.429024991209662E-02  -7.931423376264284E-01   1.173776809650572E-01
 3.125000000000000E-01   1.088569584076796E+00   3.433509583890688E+00   8.372044312894316E+00   1.441595962307432E-02  -7.927868309607365E-01   1.184226083883216E-01
 3.125000000000000E-01   1.088559225929224E+00   3.433509583890688E+00   8.372063172391348E+00   1.454164789740845E-02  -7.924279524919802E-01   1.194677112663076E-01
 3.125000000000000E-01   1.088548740420666E+00   3.433509583890688E+00   8.372082202996172E+00   1.466731447484314E-02  -7.920656964197579E-01   1.205129916584883E-01
 3.125000000000000E-01   1.088538126472060E+00   3.433509583890688E+00   8.372101404880487E+00   1.479295909295361E-02  -7.917000569139234E-01   1.215584516379069E-01
 3.125000000000000E-01   1.088527382990053E+00   3.433509583890688E+00   8.372120778217624E+00   1.491858148710934E-02  -7.913310281150883E-01   1.226040932911624E-01
 3.125000000000000E-01   1.088516508866856E+00   3.433509583890688E+00   8.372140323182538E+00   1.504418139045344E-02  -7.909586041350868E-01   1.236499187186280E-01
 3.125000000000000E-01   1.088505502980066E+00   3.433509583890688E+00   8.372160039951808E+00   1.516975853385816E-02  -7.905827790574733E-01   1.246959300344675E-01
 3.125000000000000E-01   1.088494364192579E+00   3.433509583890688E+00   8.372179928703680E+00   1.529531264590950E-02  -7.902035469379495E-01   1.257421293669485E-01
 3.125000000000000E-01   1.088483091352429E+00   3.433509583890688E+00   8.372199989618004E+00   1.542084345285871E-02  -7.898209018049192E-01   1.267885188583356E-01
 3.125000000000000E-01   1.088471683292767E+00   3.433509583890688E+00   8.372220222876249E+00   1.554635067860114E-02  -7.894348376599356E-01   1.278351006650678E-01
 3.125000000000000E-01   1.088460138831542E+00   3.433509583890688E+00   8.372240628661546E+00   1.567183404463643E-02  -7.890453484781835E-01   1.288818769579611E-01
 3.125000000000000E-01   1.088448456771542E+00   3.433509583890688E+00   8.372261207158621E+00   1.579729327004247E-02  -7.886524282089702E-01   1.299288499222301E-01
 3.125000000000000E-01   1.088436635900189E+00   3.433509583890688E+00   8.372281958553840E+00   1.592272807143553E-02  -7.882560707762183E-01   1.309760217576244E-01
 3.125000000000000E-01   1.088424674989418E+00   3.433509583890688E+00   8.372302883035195E+00   1.604813816294295E-02  -7.878562700789298E-01   1.320233946785971E-01
 3.125000000000000E-01   1.088412572795527E+00   3.433509583890688E+00   8.372323980792295E+00   1.617352325616338E-02  -7.874530199916975E-01   1.330709709143454E-01
 3.125000000000000E-01   1.088400328059078E+00   3.433509583890688E+00   8.372345252016370E+00   1.629888306013673E-02  -7.870463143651784E-01   1.341187527089614E-01
 3.125000000000000E-01   1.088387939504728E+00   3.433509583890688E+00   8.372366696900267E+00   1.642421728130953E-02  -7.866361470265781E-01   1.351667423215822E-01
 3.125000000000000E-01   1.088375405841135E+00   3.433509583890688E+00   8.372388315638435E+00   1.654952562349232E-02  -7.862225117801752E-01   1.362149420263519E-01
 3.125000000000000E-01   1.088362725760774E+00   3.433509583890688E+00   8.372410108426966E+00   1.667480778784248E-02  -7.858054024077138E-01   1.372633541128648E-01
 3.125000000000000E-01   1.088349897939846E+00   3.433509583890688E+00   8.372432075463514E+00   1.680006347280491E-02  -7.853848126690323E-01   1.383119808858345E-01
 3.125000000000000E-01   1.088336921038083E+00   3.433509583890688E+00   8.372454216947387E+00   1.692529237409740E-02  -7.849607363024036E-01   1.393608246656543E-01
 3.125000000000000E-01   1.088323793698704E+00   3.433509583890688E+00   8.372476533079448E+00   1.705049418466030E-02  -7.845331670251529E-01   1.404098877881329E-01
 3.125000000000000E-01   1.088310514548177E+00   3.433509583890688E+00   8.372499024062195E+00   1.717566859463220E-02  -7.841020985340227E-01   1.414591726049619E-01
 3.125000000000000E-01   1.088297082196147E+00   3.433509583890688E+00   8.372521690099683E+00   1.730081529129815E-02  -7.836675245057849E-01   1.425086814834822E-01
 3.125000000000000E-01   1.088283495235234E+00   3.433509583890688E+00   8.372544531397589E+00   1.742593395906477E-02  -7.832294385976215E-01   1.435584168070894E-01
 3.125000000000000E-01   1.088269752240991E+00   3.433509583890688E+00   8.372567548163135E+00   1.755102427942203E-02  -7.827878344476693E-01   1.446083809751878E-01
 3.125000000000000E-01   1.088255851771621E+00   3.433509583890688E+00   8.372590740605165E+00   1.767608593089623E-02  -7.823427056754768E-01   1.456585764034198E-01
 3.125000000000000E-01   1.088241792368029E+00   3.433509583890688E+00   8.372614108934050E+00   1.780111858902499E-02  -7.818940458825216E-01   1.467090055236242E-01
 3.125000000000000E-01   1.088227572553477E+00   3.433509583890688E+00   8.372637653361748E+00   1.792612192630544E-02  -7.814418486526653E-01   1.477596707841034E-01
 3.125000000000000E-01   1.088213190833519E+00   3.433509583890688E+00   8.372661374101787E+00   1.805109561216241E-02  -7.809861075526473E-01   1.488105746496799E-01
 3.125000000000000E-01   1.088198645695974E+00   3.433509583890688E+00   8.372685271369223E+00   1.817603931291525E-02  -7.805268161325639E-01   1.498617196018380E-01
 3.125000000000000E-01   1.088183935610580E+00   3.433509583890688E+00   8.372709345380683E+00   1.830095269172988E-02  -7.800639679263333E-01   1.509131081388569E-01
 3.125000000000000E-01   1.088169059028992E+00   3.433509583890688E+00   8.372733596354314E+00   1.842583540857334E-02  -7.795975564522478E-01   1.519647427757717E-01
 3.125000000000000E-01   1.088154014384569E+00   3.433509583890688E+00   8.372758024509807E+00   1.855068712019020E-02  -7.791275752133465E-01   1.530166260447651E-01
 3.125000000000000E-01   1.088138800092271E+00   3.433509583890688E+00   8.372782630068375E+00   1.867550748005295E-02  -7.786540176979579E-01   1.540687604950985E-01
 3.125000000000000E-01   1.088123414548542E+00   3.433509583890688E+00   8.372807413252723E+00   1.880029613831789E-02  -7.781768773802060E-01   1.551211486931598E-01
 3.125000000000000E-01   1.088107856130986E+00   3.433509583890688E+00   8.372832374287112E+00   1.892505274179003E-02  -7.776961477203734E-01   1.561737932229195E-01
 3.125000000000000E-01   1.088092123198492E+00   3.433509583890688E+00   8.372857513397248E+00   1.904977693387886E-02  -7.772118221655169E-01   1.572266966855877E-01
 3.125000000000000E-01   1.088076214090850E+00   3.433509583890688E+00   8.372882830810362E+00   1.917446835455996E-02  -7.767238941498037E-01   1.582798617001861E-01
 3.125000000000000E-01   1.088060127128736E+00   3.433509583890688E+00   8.372908326755137E+00   1.929912664032444E-02  -7.762323570951076E-01   1.593332909032616E-01
 3.125000000000000E-01   1.088043860613546E+00   3.433509583890688E+00   8.372934001461749E+00   1.942375142415004E-02  -7.757372044113615E-01   1.603869869493608E-01
 3.125000000000000E-01   1.088027412827169E+00   3.433509583890688E+00   8.372959855161813E+00   1.954834233544396E-02  -7.752384294971060E-01   1.614409525109174E-01
 3.125000000000000E-01   1.088010782031968E+00   3.433509583890688E+00   8.372985888088396E+00   1.967289900001017E-02  -7.747360257399284E-01   1.624951902784122E-01
 3.125000000000000E-01   1.087993966470507E+00   3.433509583890688E+00   8.373012100475988E+00   1.979742103999815E-02  -7.742299865169243E-01   1.635497029605521E-01
 3.125000000000000E-01   1.087976964365441E+00   3.433509583890688E+00   8.373038492560532E+00   1.992190807386727E-02  -7.737203051951276E-01   1.646044932844250E-01
 3.125000000000000E-01   1.087959773919472E+00   3.433509583890688E+00   8.373065064579359E+00   2.004635971634000E-02  -7.732069751320052E-01   1.656595639955275E-01
 3.125000000000000E-01   1.087942393315002E+00   3.433509583890688E+00   8.373091816771197E+00   2.017077557834814E-02  -7.726899896759246E-01   1.667149178578692E-01
 3.125000000000000E-01   1.087924820714146E+00   3.433509583890688E+00   8.373118749376159E+00   2.029515526699933E-02  -7.721693421665813E-01   1.677705576541529E-01
 3.125000000000000E-01   1.087907054258499E+00   3.433509583890688E+00   8.373145862635749E+00   2.041949838553504E-02  -7.716450259354074E-01   1.688264861860322E-01
 3.125000000000000E-01   1.087889092069032E+00   3.433509583890688E+00   8.373173156792785E+00   2.054380453326465E-02  -7.711170343061471E-01   1.698827062738316E-01
 3.125000000000000E-01   1.087870932245902E+00   3.433509583890688E+00   8.373200632091475E+00   2.066807330554968E-02  -7.705853605951153E-01   1.709392207572312E-01
 3.125000000000000E-01   1.087852572868322E+00   3.433509583890688E+00   8.373228288777316E+00   2.079230429372629E-02  -7.700499981118348E-01   1.719960324948241E-01
 3.125000000000000E-01   1.087834011994418E+00   3.433509583890688E+00   8.373256127097132E+00   2.091649708508182E-02  -7.695109401593369E-01   1.730531443646418E-01
 3.125000000000000E-01   1.087815247661069E+00   3.433509583890688E+00   8.373284147299032E+00   2.104065126279943E-02  -7.689681800346592E-01   1.741105592640681E-01
 3.125000000000000E-01   1.087796277883705E+00   3.433509583890688E+00   8.373312349632425E+00   2.116476640590829E-02  -7.684217110292331E-01   1.751682801101428E-01
 3.125000000000000E-01   1.087777100656286E+00   3.433509583890688E+00   8.373340734347945E+00   2.128884208924170E-02  -7.678715264293908E-01   1.762263098394129E-01
 3.125000000000000E-01   1.087757713951024E+00   3.433509583890688E+00   8.373369301697489E+00   2.141287788338713E-02  -7.673176195167043E-01   1.772846514083276E-01
 3.125000000000000E-01   1.087738115718256E+00   3.433509583890688E+00   8.373398051934178E+00   2.153687335463553E-02  -7.667599835684640E-01   1.783433077932224E-01
 3.125000000000000E-01   1.087718303886342E+00   3.433509583890688E+00   8.373426985312330E+00   2.166082806493386E-02  -7.661986118580835E-01   1.794022819904503E-01
 3.125000000000000E-01   1.087698276361523E+00   3.433509583890688E+00   8.373456102087452E+00   2.178474157184659E-02  -7.656334976554778E-01   1.804615770165854E-01
 3.125000000000000E-01   1.087678031027696E+00   3.433509583890688E+00   8.373485402516208E+00   2.190861342848411E-02  -7.650646342275798E-01   1.815211959083576E-01
 3.125000000000000E-01   1.087657565746285E+00   3.433509583890688E+00   8.373514886856427E+00   2.203244318347880E-02  -7.644920148385919E-01   1.825811417231116E-01
 3.125000000000000E-01   1.087636878356140E+00   3.433509583890688E+00   8.373544555367022E+00   2.215623038091112E-02  -7.639156327505617E-01   1.836414175384807E-01
 3.125000000000000E-01   1.087616013301998E+00   3.433509583890688E+00   8.373574403431441E+00   2.227997707351156E-02  -7.633272382724725E-01   1.847020075026851E-01
 3.125000000000000E-01   1.087594932233720E+00   3.433509583890688E+00   8.373604435111210E+00   2.240368089305569E-02  -7.627330414110972E-01   1.857629488637505E-01
 3.125000000000000E-01   1.087573622823681E+00   3.433509583890688E+00   8.373634651726990E+00   2.252734083022363E-02  -7.621347937754577E-01   1.868242513634723E-01
 3.125000000000000E-01   1.087552082774312E+00   3.433509583890688E+00   8.373665053547070E+00   2.265095640837789E-02  -7.615324857330164E-01   1.878859188233231E-01
 3.125000000000000E-01   1.087530309762897E+00   3.433509583890688E+00   8.373695640840921E+00   2.277452714590547E-02  -7.609261076517181E-01   1.889479550922299E-01
 3.125000000000000E-01   1.087508301441454E+00   3.433509583890688E+00   8.373726413879105E+00   2.289805255617027E-02  -7.603156499006446E-01   1.900103640465567E-01
 3.125000000000000E-01   1.087486055436580E+00   3.433509583890688E+00   8.373757372933309E+00   2.302153214746017E-02  -7.597011028505222E-01   1.910731495903608E-01
 3.125000000000000E-01   1.087463569349185E+00   3.433509583890688E+00   8.373788518276326E+00   2.314496542292892E-02  -7.590824568742983E-01   1.921363156555789E-01
 3.125000000000000E-01   1.087440840754427E+00   3.433509583890688E+00   8.373819850181960E+00   2.326835188052512E-02  -7.584597023479194E-01   1.931998662016982E-01
 3.125000000000000E-01   1.087417867201420E+00   3.433509583890688E+00   8.373851368925058E+00   2.339169101294824E-02  -7.578328296507274E-01   1.942638052162683E-01
 3.125000000000000E-01   1.087394646213105E+00   3.433509583890688E+00   8.373883074781460E+00   2.351498230757712E-02  -7.572018291661481E-01   1.953281367147510E-01
 3.125000000000000E-01   1.087371175286103E+00   3.433509583890688E+00   8.373914968027993E+00   2.363822524643097E-02  -7.565666912821269E-01   1.963928647408483E-01
 3.125000000000000E-01   1.087347451890468E+00   3.433509583890688E+00   8.373947048942405E+00   2.376141930608680E-02  -7.559274063918823E-01   1.974579933663105E-01
 3.125000000000000E-01   1.087323473469575E+00   3.433509583890688E+00   8.373979317803350E+00   2.388456395763048E-02  -7.552839648943666E-01   1.985235266911812E-01
 3.125000000000000E-01   1.087299237439844E+00   3.433509583890688E+00   8.374011774890379E+00   2.400765866659306E-02  -7.546363571948105E-01   1.995894688438898E-01
 3.125000000000000E-01   1.087274741190691E+00   3.433509583890688E+00   8.374044420483877E+00   2.413070289289705E-02  -7.539845737052988E-01   2.006558239813172E-01
 3.125000000000000E-01   1.087249982084270E+00   3.433509583890688E+00   8.374077254865036E+00   2.425369609078547E-02  -7.533286049012583E-01   2.017225962887990E-01
 3.125000000000000E-01   1.087224957572208E+00   3.433509583890688E+00   8.374110278303959E+00   2.437663771568505E-02  -7.526688124893893E-01   2.027897895892468E-01
 3.125000000000000E-01   1.087199664909865E+00   3.433509583890688E+00   8.374143491088690E+00   2.449952720738011E-02  -7.520050099447614E-01   2.038574071383225E-01
 3.125000000000000E-01   1.087174101325465E+00   3.433509583890688E+00   8.374176893507880E+00   2.462236399973326E-02  -7.513370219701302E-01   2.049254530774910E-01
 3.125000000000000E-01   1.087148264743055E+00   3.433509583890688E+00   8.374210485777656E+00   2.474514756408671E-02  -7.506652715055558E-01   2.059939309780255E-01
 3.125000000000000E-01   1.087122152795004E+00   3.433509583890688E+00   8.374244268141961E+00   2.486787735106142E-02  -7.499899919835471E-01   2.070628428455542E-01
 3.125000000000000E-01   1.087095761731173E+00   3.433509583890688E+00   8.374278240981997E+00   2.499055272341985E-02  -7.493105566516129E-01   2.081321928985101E-01
 3.125000000000000E-01   1.087069088725884E+00   3.433509583890688E+00   8.374312404582980E+00   2.511317309461693E-02  -7.486269587328062E-01   2.092019852264707E-01
 3.125000000000000E-01   1.087042130925219E+00   3.433509583890688E+00   8.374346759230614E+00   2.523573787196915E-02  -7.479391915258400E-01   2.102722239372687E-01
 3.125000000000000E-01   1.087014888512035E+00   3.433509583890688E+00   8.374381304904206E+00   2.535824664558742E-02  -7.472481569995533E-01   2.113429103895835E-01
 3.125000000000000E-01   1.086987356633669E+00   3.433509583890688E+00   8.374416042086391E+00   2.548069869381822E-02  -7.465532455963859E-01   2.124140480968257E-01
 3.125000000000000E-01   1.086959531539418E+00   3.433509583890688E+00   8.374450971145690E+00   2.560309335593685E-02  -7.458542045494513E-01   2.134856414984369E-01
 3.125000000000000E-01   1.086931410276472E+00   3.433509583890688E+00   8.374486092368020E+00   2.572543001547005E-02  -7.451510293136909E-01   2.145576945789117E-01
 3.125000000000000E-01   1.086902992908369E+00   3.433509583890688E+00   8.374521405737118E+00   2.584770824113100E-02  -7.444443326422260E-01   2.156302087245965E-01
 3.125000000000000E-01   1.086874273839151E+00   3.433509583890688E+00   8.374556911797686E+00   2.596992724374694E-02  -7.437335692189517E-01   2.167031887548816E-01
 3.125000000000000E-01   1.086845249828915E+00   3.433509583890688E+00   8.374592610856409E+00   2.609208637522955E-02  -7.430186919486991E-01   2.177766387166736E-01
 3.125000000000000E-01   1.086815917823423E+00   3.433509583890688E+00   8.374628503198704E+00   2.621418499433698E-02  -7.422996978176957E-01   2.188505625261212E-01
 3.125000000000000E-01   1.086786274740018E+00   3.433509583890688E+00   8.374664589109972E+00   2.633622245324773E-02  -7.415765839707168E-01   2.199249641041847E-01
 3.125000000000000E-01   1.086756317467604E+00   3.433509583890688E+00   8.374700868875568E+00   2.645819809750729E-02  -7.408493477138730E-01   2.209998473761831E-01
 3.125000000000000E-01   1.086726042866465E+00   3.433509583890688E+00   8.374737342780701E+00   2.658011126595157E-02  -7.401179865176846E-01   2.220752162709594E-01
 3.125000000000000E-01   1.086695447768268E+00   3.433509583890688E+00   8.374774011110404E+00   2.670196129067201E-02  -7.393824980198118E-01   2.231510747206580E-01
 3.125000000000000E-01   1.086664528975855E+00   3.433509583890688E+00   8.374810874149478E+00   2.682374749692770E-02  -7.386428800281294E-01   2.242274266598534E-01
 3.125000000000000E-01   1.086633283263271E+00   3.433509583890688E+00   8.374847932182430E+00   2.694546920310731E-02  -7.378991305236001E-01   2.253042760251514E-01
 3.125000000000000E-01   1.086601707375696E+00   3.433509583890688E+00   8.374885185493392E+00   2.706712572066975E-02  -7.371512476632743E-01   2.263816267545056E-01
 3.125000000000000E-01   1.086569798029235E+00   3.433509583890688E+00   8.374922634366104E+00   2.718871635407474E-02  -7.363992297832468E-01   2.274594827867202E-01
 3.125000000000000E-01   1.086537551910990E+00   3.433509583890688E+00   8.374960279083794E+00   2.731024040072783E-02  -7.356430754017561E-01   2.285378480606173E-01
 3.125000000000000E-01   1.086504965678939E+00   3.433509583890688E+00   8.374998119929167E+00   2.743169715092602E-02  -7.348827832221223E-01   2.296167265145850E-01
 3.125000000000000E-01   1.086472035961855E+00   3.433509583890688E+00   8.375036157184311E+00   2.755308588779528E-02  -7.341183521358485E-01   2.306961220858922E-01
 3.125000000000000E-01   1.086438759359266E+00   3.433509583890688E+00   8.375074391130637E+00   2.767440588723011E-02  -7.333497812257022E-01   2.317760387099327E-01
 3.125000000000000E-01   1.086405132441465E+00   3.433509583890688E+00   8.375112822048802E+00   2.779565641784401E-02  -7.325770697687825E-01   2.328564803196299E-01
 3.125000000000000E-01   1.086371151749314E+00   3.433509583890688E+00   8.375151450218658E+00   2.791683674090132E-02  -7.318002172396167E-01   2.339374508447641E-01
 3.125000000000000E-01   1.086336813794392E+00   3.433509583890688E+00   8.375190275919165E+00   2.803794611027052E-02  -7.310192233133277E-01   2.350189542111825E-01
 3.125000000000000E-01   1.086302115058829E+00   3.433509583890688E+00   8.375229299428323E+00   2.815898377235464E-02  -7.302340878687607E-01   2.361009943401130E-01
 3.125000000000000E-01   1.086267051995308E+00   3.433509583890688E+00   8.375268521023097E+00   2.827994896604203E-02  -7.294448109916718E-01   2.371835751474392E-01
 3.125000000000000E-01   1.086231621027048E+00   3.433509583890688E+00   8.375307940979349E+00   2.840084092265265E-02  -7.286513929778249E-01   2.382667005430402E-01
 3.125000000000000E-01   1.086195818547778E+00   3.433509583890688E+00   8.375347559571750E+00   2.852165886587349E-02  -7.278538343363109E-01   2.393503744298312E-01
 3.125000000000000E-01   1.086159640921753E+00   3.433509583890688E+00   8.375387377073727E+00   2.864240201171193E-02  -7.270521357926091E-01   2.404346007032494E-01
 3.125000000000000E-01   1.086123084483737E+00   3.433509583890688E+00   8.375427393757333E+00   2.876306956842839E-02  -7.262462982920647E-01   2.415193832500991E-01
 3.125000000000000E-01   1.086086145538902E+00   3.433509583890688E+00   8.375467609893231E+00   2.888366073649416E-02  -7.254363230028280E-01   2.426047259482227E-01
 3.125000000000000E-01   1.086048820363078E+00   3.433509583890688E+00   8.375508025750541E+00   2.900417470853034E-02  -7.246222113193803E-01   2.436906326651773E-01
 3.125000000000000E-01   1.086011105202453E+00   3.433509583890688E+00   8.375548641596829E+00   2.912461066924898E-02  -7.238039648656622E-01   2.447771072577973E-01
 3.125000000000000E-01   1.085972996273840E+00   3.433509583890688E+00   8.375589457697970E+00   2.924496779541407E-02  -7.229815854983928E-01   2.458641535711910E-01
 3.125000000000000E-01   1.085934489764614E+00   3.433509583890688E+00   8.375630474318065E+00   2.936524525577224E-02  -7.221550753104649E-01   2.469517754377576E-01
 3.125000000000000E-01   1.085895581832714E+00   3.433509583890688E+00   8.375671691719392E+00   2.948544221101577E-02  -7.213244366340842E-01   2.480399766766197E-01
 3.125000000000000E-01   1.085856268606775E+00   3.433509583890688E+00   8.375713110162243E+00   2.960555781371520E-02  -7.204896720443820E-01   2.491287610922420E-01
 3.125000000000000E-01   1.085816546186040E+00   3.433509583890688E+00   8.375754729904912E+00   2.972559120827627E-02  -7.196507843624960E-01   2.502181324740315E-01
 3.125000000000000E-01   1.085776410640574E+00   3.433509583890688E+00   8.375796551203564E+00   2.984554153090284E-02  -7.188077766589743E-01   2.513080945951985E-01
 3.125000000000000E-01   1.085735858011217E+00   3.433509583890688E+00   8.375838574312121E+00   2.996540790952116E-02  -7.179606522573307E-01   2.523986512116839E-01
 3.125000000000000E-01   1.085694884309698E+00   3.433509583890688E+00   8.375880799482207E+00   3.008518946374749E-02  -7.171094147372437E-01   2.534898060613501E-01
 3.125000000000000E-01   1.085653485518715E+00   3.433509583890688E+00   8.375923226963009E+00   3.020488530484116E-02  -7.162540679380063E-01   2.545815628630105E-01
 3.125000000000000E-01   1.085611657591999E+00   3.433509583890688E+00   8.375965857001219E+00   3.032449453564872E-02  -7.153946159619298E-01   2.556739253154014E-01
 3.125000000000000E-01   1.085569396454488E+00   3.433509583890688E+00   8.376008689840873E+00   3.044401625055725E-02  -7.145310631778719E-01   2.567668970959385E-01
 3.125000000000000E-01   1.085526698002288E+00   3.433509583890688E+00   8.376051725723340E+00   3.056344953546735E-02  -7.136634142243082E-01   2.578604818603857E-01
 3.125000000000000E-01   1.085483558102984E+00   3.433509583890688E+00   8.376094964887120E+00   3.068279346773242E-02  -7.127916740131215E-01   2.589546832410637E-01
 3.125000000000000E-01   1.085439972595606E+00   3.433509583890688E+00   8.376138407567773E+00   3.080204711610349E-02  -7.119158477330260E-01   2.600495048459300E-01
 3.125000000000000E-01   1.085395937290812E+00   3.433509583890688E+00   8.376182053997852E+00   3.092120954072107E-02  -7.110359408526578E-01   2.611449502580304E-01
 3.125000000000000E-01   1.085351447971070E+00   3.433509583890688E+00   8.376225904406732E+00   3.104027979304005E-02  -7.101519591244448E-01   2.622410230337038E-01
 3.125000000000000E-01   1.085306500390792E+00   3.433509583890688E+00   8.376269959020529E+00   3.115925691581443E-02  -7.092639085877521E-01   2.633377267019998E-01
 3.125000000000000E-01   1.085261090276447E+00   3.433509583890688E+00   8.376314218061992E+00   3.127813994304373E-02  -7.083717955724450E-01   2.644350647633390E-01
 3.125000000000000E-01   1.085215213326793E+00   3.433509583890688E+00   8.376358681750375E+00   3.139692789993707E-02  -7.074756267023817E-01   2.655330406883705E-01
 3.125000000000000E-01   1.085168865213112E+00   3.433509583890688E+00   8.376403350301304E+00   3.151561980288260E-02  -7.065754088988588E-01   2.666316579167289E-01
 3.125000000000000E-01   1.085122041579293E+00   3.433509583890688E+00   8.376448223926694E+00   3.163421465941718E-02  -7.056711493839383E-01   2.677309198561573E-01
 3.125000000000000E-01   1.085074738042031E+00   3.433509583890688E+00   8.376493302834632E+00   3.175271146816336E-02  -7.047628556840903E-01   2.688308298810458E-01
 3.125000000000000E-01   1.085026950191191E+00   3.433509583890688E+00   8.376538587229186E+00   3.187110921882991E-02  -7.038505356336257E-01   2.699313913311479E-01
